<?xml version="1.0" encoding="UTF-8"?>
<testsuite xmlns:xsi="http://www.w3.org/2001/XMLSchema-instance" xsi:noNamespaceSchemaLocation="https://maven.apache.org/surefire/maven-surefire-plugin/xsd/surefire-test-report.xsd" name="com.sajeeva.AppTest" time="0.034" tests="1" errors="0" skipped="0" failures="0">
  <properties>
    <property name="gopherProxySet" value="false"/>
    <property name="awt.toolkit" value="sun.lwawt.macosx.LWCToolkit"/>
    <property name="file.encoding.pkg" value="sun.io"/>
    <property name="java.specification.version" value="1.8"/>
    <property name="sun.cpu.isalist" value=""/>
    <property name="sun.jnu.encoding" value="UTF-8"/>
    <property name="java.class.path" value="/Users/Sajeevalakmal/Documents/MSc/BDP/bdpcoursework/target/test-classes:/Users/Sajeevalakmal/Documents/MSc/BDP/bdpcoursework/target/classes:/Users/Sajeevalakmal/.m2/repository/junit/junit/4.11/junit-4.11.jar:/Users/Sajeevalakmal/.m2/repository/org/hamcrest/hamcrest-core/1.3/hamcrest-core-1.3.jar:/Users/Sajeevalakmal/.m2/repository/org/apache/hadoop/hadoop-client/2.9.2/hadoop-client-2.9.2.jar:/Users/Sajeevalakmal/.m2/repository/org/apache/hadoop/hadoop-common/2.9.2/hadoop-common-2.9.2.jar:/Users/Sajeevalakmal/.m2/repository/commons-cli/commons-cli/1.2/commons-cli-1.2.jar:/Users/Sajeevalakmal/.m2/repository/org/apache/commons/commons-math3/3.1.1/commons-math3-3.1.1.jar:/Users/Sajeevalakmal/.m2/repository/xmlenc/xmlenc/0.52/xmlenc-0.52.jar:/Users/Sajeevalakmal/.m2/repository/org/apache/httpcomponents/httpclient/4.5.2/httpclient-4.5.2.jar:/Users/Sajeevalakmal/.m2/repository/org/apache/httpcomponents/httpcore/4.4.4/httpcore-4.4.4.jar:/Users/Sajeevalakmal/.m2/repository/commons-net/commons-net/3.1/commons-net-3.1.jar:/Users/Sajeevalakmal/.m2/repository/commons-collections/commons-collections/3.2.2/commons-collections-3.2.2.jar:/Users/Sajeevalakmal/.m2/repository/org/mortbay/jetty/jetty-sslengine/6.1.26/jetty-sslengine-6.1.26.jar:/Users/Sajeevalakmal/.m2/repository/javax/servlet/jsp/jsp-api/2.1/jsp-api-2.1.jar:/Users/Sajeevalakmal/.m2/repository/log4j/log4j/1.2.17/log4j-1.2.17.jar:/Users/Sajeevalakmal/.m2/repository/commons-configuration/commons-configuration/1.6/commons-configuration-1.6.jar:/Users/Sajeevalakmal/.m2/repository/commons-digester/commons-digester/1.8/commons-digester-1.8.jar:/Users/Sajeevalakmal/.m2/repository/commons-beanutils/commons-beanutils/1.7.0/commons-beanutils-1.7.0.jar:/Users/Sajeevalakmal/.m2/repository/commons-beanutils/commons-beanutils-core/1.8.0/commons-beanutils-core-1.8.0.jar:/Users/Sajeevalakmal/.m2/repository/org/apache/commons/commons-lang3/3.4/commons-lang3-3.4.jar:/Users/Sajeevalakmal/.m2/repository/org/slf4j/slf4j-api/1.7.25/slf4j-api-1.7.25.jar:/Users/Sajeevalakmal/.m2/repository/org/slf4j/slf4j-log4j12/1.7.25/slf4j-log4j12-1.7.25.jar:/Users/Sajeevalakmal/.m2/repository/org/codehaus/jackson/jackson-core-asl/1.9.13/jackson-core-asl-1.9.13.jar:/Users/Sajeevalakmal/.m2/repository/org/apache/avro/avro/1.7.7/avro-1.7.7.jar:/Users/Sajeevalakmal/.m2/repository/com/thoughtworks/paranamer/paranamer/2.3/paranamer-2.3.jar:/Users/Sajeevalakmal/.m2/repository/org/xerial/snappy/snappy-java/1.0.5/snappy-java-1.0.5.jar:/Users/Sajeevalakmal/.m2/repository/com/google/code/gson/gson/2.2.4/gson-2.2.4.jar:/Users/Sajeevalakmal/.m2/repository/org/apache/curator/curator-client/2.7.1/curator-client-2.7.1.jar:/Users/Sajeevalakmal/.m2/repository/org/apache/curator/curator-recipes/2.7.1/curator-recipes-2.7.1.jar:/Users/Sajeevalakmal/.m2/repository/org/apache/curator/curator-framework/2.7.1/curator-framework-2.7.1.jar:/Users/Sajeevalakmal/.m2/repository/com/google/code/findbugs/jsr305/3.0.0/jsr305-3.0.0.jar:/Users/Sajeevalakmal/.m2/repository/org/apache/htrace/htrace-core4/4.1.0-incubating/htrace-core4-4.1.0-incubating.jar:/Users/Sajeevalakmal/.m2/repository/org/apache/commons/commons-compress/1.4.1/commons-compress-1.4.1.jar:/Users/Sajeevalakmal/.m2/repository/org/tukaani/xz/1.0/xz-1.0.jar:/Users/Sajeevalakmal/.m2/repository/org/codehaus/woodstox/stax2-api/3.1.4/stax2-api-3.1.4.jar:/Users/Sajeevalakmal/.m2/repository/com/fasterxml/woodstox/woodstox-core/5.0.3/woodstox-core-5.0.3.jar:/Users/Sajeevalakmal/.m2/repository/org/apache/hadoop/hadoop-hdfs-client/2.9.2/hadoop-hdfs-client-2.9.2.jar:/Users/Sajeevalakmal/.m2/repository/com/squareup/okhttp/okhttp/2.7.5/okhttp-2.7.5.jar:/Users/Sajeevalakmal/.m2/repository/com/squareup/okio/okio/1.6.0/okio-1.6.0.jar:/Users/Sajeevalakmal/.m2/repository/org/apache/hadoop/hadoop-mapreduce-client-app/2.9.2/hadoop-mapreduce-client-app-2.9.2.jar:/Users/Sajeevalakmal/.m2/repository/org/apache/hadoop/hadoop-mapreduce-client-common/2.9.2/hadoop-mapreduce-client-common-2.9.2.jar:/Users/Sajeevalakmal/.m2/repository/org/apache/hadoop/hadoop-mapreduce-client-shuffle/2.9.2/hadoop-mapreduce-client-shuffle-2.9.2.jar:/Users/Sajeevalakmal/.m2/repository/org/apache/hadoop/hadoop-yarn-server-common/2.9.2/hadoop-yarn-server-common-2.9.2.jar:/Users/Sajeevalakmal/.m2/repository/org/apache/hadoop/hadoop-yarn-registry/2.9.2/hadoop-yarn-registry-2.9.2.jar:/Users/Sajeevalakmal/.m2/repository/org/apache/geronimo/specs/geronimo-jcache_1.0_spec/1.0-alpha-1/geronimo-jcache_1.0_spec-1.0-alpha-1.jar:/Users/Sajeevalakmal/.m2/repository/org/ehcache/ehcache/3.3.1/ehcache-3.3.1.jar:/Users/Sajeevalakmal/.m2/repository/com/zaxxer/HikariCP-java7/2.4.12/HikariCP-java7-2.4.12.jar:/Users/Sajeevalakmal/.m2/repository/com/microsoft/sqlserver/mssql-jdbc/6.2.1.jre7/mssql-jdbc-6.2.1.jre7.jar:/Users/Sajeevalakmal/.m2/repository/org/fusesource/leveldbjni/leveldbjni-all/1.8/leveldbjni-all-1.8.jar:/Users/Sajeevalakmal/.m2/repository/org/apache/hadoop/hadoop-yarn-api/2.9.2/hadoop-yarn-api-2.9.2.jar:/Users/Sajeevalakmal/.m2/repository/javax/xml/bind/jaxb-api/2.2.2/jaxb-api-2.2.2.jar:/Users/Sajeevalakmal/.m2/repository/javax/xml/stream/stax-api/1.0-2/stax-api-1.0-2.jar:/Users/Sajeevalakmal/.m2/repository/javax/activation/activation/1.1/activation-1.1.jar:/Users/Sajeevalakmal/.m2/repository/org/apache/hadoop/hadoop-mapreduce-client-core/2.9.2/hadoop-mapreduce-client-core-2.9.2.jar:/Users/Sajeevalakmal/.m2/repository/org/apache/hadoop/hadoop-yarn-client/2.9.2/hadoop-yarn-client-2.9.2.jar:/Users/Sajeevalakmal/.m2/repository/org/apache/hadoop/hadoop-yarn-common/2.9.2/hadoop-yarn-common-2.9.2.jar:/Users/Sajeevalakmal/.m2/repository/javax/servlet/servlet-api/2.5/servlet-api-2.5.jar:/Users/Sajeevalakmal/.m2/repository/com/sun/jersey/jersey-core/1.9/jersey-core-1.9.jar:/Users/Sajeevalakmal/.m2/repository/com/sun/jersey/jersey-client/1.9/jersey-client-1.9.jar:/Users/Sajeevalakmal/.m2/repository/org/codehaus/jackson/jackson-jaxrs/1.9.13/jackson-jaxrs-1.9.13.jar:/Users/Sajeevalakmal/.m2/repository/org/codehaus/jackson/jackson-xc/1.9.13/jackson-xc-1.9.13.jar:/Users/Sajeevalakmal/.m2/repository/org/apache/hadoop/hadoop-mapreduce-client-jobclient/2.9.2/hadoop-mapreduce-client-jobclient-2.9.2.jar:/Users/Sajeevalakmal/.m2/repository/org/apache/hadoop/hadoop-annotations/2.9.2/hadoop-annotations-2.9.2.jar:/Users/Sajeevalakmal/.m2/repository/org/apache/hbase/hbase-client/1.1.13/hbase-client-1.1.13.jar:/Users/Sajeevalakmal/.m2/repository/org/apache/hbase/hbase-annotations/1.1.13/hbase-annotations-1.1.13.jar:/Users/Sajeevalakmal/.m2/repository/com/github/stephenc/findbugs/findbugs-annotations/1.3.9-1/findbugs-annotations-1.3.9-1.jar:/Users/Sajeevalakmal/.m2/repository/org/apache/hbase/hbase-common/1.1.13/hbase-common-1.1.13.jar:/Users/Sajeevalakmal/.m2/repository/org/mortbay/jetty/jetty-util/6.1.26/jetty-util-6.1.26.jar:/Users/Sajeevalakmal/.m2/repository/org/apache/hbase/hbase-protocol/1.1.13/hbase-protocol-1.1.13.jar:/Users/Sajeevalakmal/.m2/repository/commons-codec/commons-codec/1.9/commons-codec-1.9.jar:/Users/Sajeevalakmal/.m2/repository/commons-io/commons-io/2.4/commons-io-2.4.jar:/Users/Sajeevalakmal/.m2/repository/commons-lang/commons-lang/2.6/commons-lang-2.6.jar:/Users/Sajeevalakmal/.m2/repository/commons-logging/commons-logging/1.2/commons-logging-1.2.jar:/Users/Sajeevalakmal/.m2/repository/com/google/guava/guava/12.0.1/guava-12.0.1.jar:/Users/Sajeevalakmal/.m2/repository/com/google/protobuf/protobuf-java/2.5.0/protobuf-java-2.5.0.jar:/Users/Sajeevalakmal/.m2/repository/io/netty/netty-all/4.0.23.Final/netty-all-4.0.23.Final.jar:/Users/Sajeevalakmal/.m2/repository/org/apache/zookeeper/zookeeper/3.4.6/zookeeper-3.4.6.jar:/Users/Sajeevalakmal/.m2/repository/org/apache/htrace/htrace-core/3.1.0-incubating/htrace-core-3.1.0-incubating.jar:/Users/Sajeevalakmal/.m2/repository/org/codehaus/jackson/jackson-mapper-asl/1.9.13/jackson-mapper-asl-1.9.13.jar:/Users/Sajeevalakmal/.m2/repository/org/jruby/jcodings/jcodings/1.0.8/jcodings-1.0.8.jar:/Users/Sajeevalakmal/.m2/repository/org/jruby/joni/joni/2.1.2/joni-2.1.2.jar:/Users/Sajeevalakmal/.m2/repository/org/apache/hadoop/hadoop-auth/2.5.1/hadoop-auth-2.5.1.jar:/Users/Sajeevalakmal/.m2/repository/org/apache/directory/server/apacheds-kerberos-codec/2.0.0-M15/apacheds-kerberos-codec-2.0.0-M15.jar:/Users/Sajeevalakmal/.m2/repository/org/apache/directory/server/apacheds-i18n/2.0.0-M15/apacheds-i18n-2.0.0-M15.jar:/Users/Sajeevalakmal/.m2/repository/org/apache/directory/api/api-asn1-api/1.0.0-M20/api-asn1-api-1.0.0-M20.jar:/Users/Sajeevalakmal/.m2/repository/org/apache/directory/api/api-util/1.0.0-M20/api-util-1.0.0-M20.jar:"/>
    <property name="java.vm.vendor" value="Oracle Corporation"/>
    <property name="sun.arch.data.model" value="64"/>
    <property name="java.vendor.url" value="http://java.oracle.com/"/>
    <property name="user.timezone" value=""/>
    <property name="java.vm.specification.version" value="1.8"/>
    <property name="os.name" value="Mac OS X"/>
    <property name="user.country" value="LK"/>
    <property name="sun.java.launcher" value="SUN_STANDARD"/>
    <property name="sun.boot.library.path" value="/Library/Java/JavaVirtualMachines/jdk1.8.0_171.jdk/Contents/Home/jre/lib"/>
    <property name="sun.java.command" value="/Users/Sajeevalakmal/Documents/MSc/BDP/bdpcoursework/target/surefire/surefirebooter808143587212617889.jar /Users/Sajeevalakmal/Documents/MSc/BDP/bdpcoursework/target/surefire 2019-11-12T15-43-35_404-jvmRun1 surefire5519803001425362681tmp surefire_01326785756645857264tmp"/>
    <property name="surefire.test.class.path" value="/Users/Sajeevalakmal/Documents/MSc/BDP/bdpcoursework/target/test-classes:/Users/Sajeevalakmal/Documents/MSc/BDP/bdpcoursework/target/classes:/Users/Sajeevalakmal/.m2/repository/junit/junit/4.11/junit-4.11.jar:/Users/Sajeevalakmal/.m2/repository/org/hamcrest/hamcrest-core/1.3/hamcrest-core-1.3.jar:/Users/Sajeevalakmal/.m2/repository/org/apache/hadoop/hadoop-client/2.9.2/hadoop-client-2.9.2.jar:/Users/Sajeevalakmal/.m2/repository/org/apache/hadoop/hadoop-common/2.9.2/hadoop-common-2.9.2.jar:/Users/Sajeevalakmal/.m2/repository/commons-cli/commons-cli/1.2/commons-cli-1.2.jar:/Users/Sajeevalakmal/.m2/repository/org/apache/commons/commons-math3/3.1.1/commons-math3-3.1.1.jar:/Users/Sajeevalakmal/.m2/repository/xmlenc/xmlenc/0.52/xmlenc-0.52.jar:/Users/Sajeevalakmal/.m2/repository/org/apache/httpcomponents/httpclient/4.5.2/httpclient-4.5.2.jar:/Users/Sajeevalakmal/.m2/repository/org/apache/httpcomponents/httpcore/4.4.4/httpcore-4.4.4.jar:/Users/Sajeevalakmal/.m2/repository/commons-net/commons-net/3.1/commons-net-3.1.jar:/Users/Sajeevalakmal/.m2/repository/commons-collections/commons-collections/3.2.2/commons-collections-3.2.2.jar:/Users/Sajeevalakmal/.m2/repository/org/mortbay/jetty/jetty-sslengine/6.1.26/jetty-sslengine-6.1.26.jar:/Users/Sajeevalakmal/.m2/repository/javax/servlet/jsp/jsp-api/2.1/jsp-api-2.1.jar:/Users/Sajeevalakmal/.m2/repository/log4j/log4j/1.2.17/log4j-1.2.17.jar:/Users/Sajeevalakmal/.m2/repository/commons-configuration/commons-configuration/1.6/commons-configuration-1.6.jar:/Users/Sajeevalakmal/.m2/repository/commons-digester/commons-digester/1.8/commons-digester-1.8.jar:/Users/Sajeevalakmal/.m2/repository/commons-beanutils/commons-beanutils/1.7.0/commons-beanutils-1.7.0.jar:/Users/Sajeevalakmal/.m2/repository/commons-beanutils/commons-beanutils-core/1.8.0/commons-beanutils-core-1.8.0.jar:/Users/Sajeevalakmal/.m2/repository/org/apache/commons/commons-lang3/3.4/commons-lang3-3.4.jar:/Users/Sajeevalakmal/.m2/repository/org/slf4j/slf4j-api/1.7.25/slf4j-api-1.7.25.jar:/Users/Sajeevalakmal/.m2/repository/org/slf4j/slf4j-log4j12/1.7.25/slf4j-log4j12-1.7.25.jar:/Users/Sajeevalakmal/.m2/repository/org/codehaus/jackson/jackson-core-asl/1.9.13/jackson-core-asl-1.9.13.jar:/Users/Sajeevalakmal/.m2/repository/org/apache/avro/avro/1.7.7/avro-1.7.7.jar:/Users/Sajeevalakmal/.m2/repository/com/thoughtworks/paranamer/paranamer/2.3/paranamer-2.3.jar:/Users/Sajeevalakmal/.m2/repository/org/xerial/snappy/snappy-java/1.0.5/snappy-java-1.0.5.jar:/Users/Sajeevalakmal/.m2/repository/com/google/code/gson/gson/2.2.4/gson-2.2.4.jar:/Users/Sajeevalakmal/.m2/repository/org/apache/curator/curator-client/2.7.1/curator-client-2.7.1.jar:/Users/Sajeevalakmal/.m2/repository/org/apache/curator/curator-recipes/2.7.1/curator-recipes-2.7.1.jar:/Users/Sajeevalakmal/.m2/repository/org/apache/curator/curator-framework/2.7.1/curator-framework-2.7.1.jar:/Users/Sajeevalakmal/.m2/repository/com/google/code/findbugs/jsr305/3.0.0/jsr305-3.0.0.jar:/Users/Sajeevalakmal/.m2/repository/org/apache/htrace/htrace-core4/4.1.0-incubating/htrace-core4-4.1.0-incubating.jar:/Users/Sajeevalakmal/.m2/repository/org/apache/commons/commons-compress/1.4.1/commons-compress-1.4.1.jar:/Users/Sajeevalakmal/.m2/repository/org/tukaani/xz/1.0/xz-1.0.jar:/Users/Sajeevalakmal/.m2/repository/org/codehaus/woodstox/stax2-api/3.1.4/stax2-api-3.1.4.jar:/Users/Sajeevalakmal/.m2/repository/com/fasterxml/woodstox/woodstox-core/5.0.3/woodstox-core-5.0.3.jar:/Users/Sajeevalakmal/.m2/repository/org/apache/hadoop/hadoop-hdfs-client/2.9.2/hadoop-hdfs-client-2.9.2.jar:/Users/Sajeevalakmal/.m2/repository/com/squareup/okhttp/okhttp/2.7.5/okhttp-2.7.5.jar:/Users/Sajeevalakmal/.m2/repository/com/squareup/okio/okio/1.6.0/okio-1.6.0.jar:/Users/Sajeevalakmal/.m2/repository/org/apache/hadoop/hadoop-mapreduce-client-app/2.9.2/hadoop-mapreduce-client-app-2.9.2.jar:/Users/Sajeevalakmal/.m2/repository/org/apache/hadoop/hadoop-mapreduce-client-common/2.9.2/hadoop-mapreduce-client-common-2.9.2.jar:/Users/Sajeevalakmal/.m2/repository/org/apache/hadoop/hadoop-mapreduce-client-shuffle/2.9.2/hadoop-mapreduce-client-shuffle-2.9.2.jar:/Users/Sajeevalakmal/.m2/repository/org/apache/hadoop/hadoop-yarn-server-common/2.9.2/hadoop-yarn-server-common-2.9.2.jar:/Users/Sajeevalakmal/.m2/repository/org/apache/hadoop/hadoop-yarn-registry/2.9.2/hadoop-yarn-registry-2.9.2.jar:/Users/Sajeevalakmal/.m2/repository/org/apache/geronimo/specs/geronimo-jcache_1.0_spec/1.0-alpha-1/geronimo-jcache_1.0_spec-1.0-alpha-1.jar:/Users/Sajeevalakmal/.m2/repository/org/ehcache/ehcache/3.3.1/ehcache-3.3.1.jar:/Users/Sajeevalakmal/.m2/repository/com/zaxxer/HikariCP-java7/2.4.12/HikariCP-java7-2.4.12.jar:/Users/Sajeevalakmal/.m2/repository/com/microsoft/sqlserver/mssql-jdbc/6.2.1.jre7/mssql-jdbc-6.2.1.jre7.jar:/Users/Sajeevalakmal/.m2/repository/org/fusesource/leveldbjni/leveldbjni-all/1.8/leveldbjni-all-1.8.jar:/Users/Sajeevalakmal/.m2/repository/org/apache/hadoop/hadoop-yarn-api/2.9.2/hadoop-yarn-api-2.9.2.jar:/Users/Sajeevalakmal/.m2/repository/javax/xml/bind/jaxb-api/2.2.2/jaxb-api-2.2.2.jar:/Users/Sajeevalakmal/.m2/repository/javax/xml/stream/stax-api/1.0-2/stax-api-1.0-2.jar:/Users/Sajeevalakmal/.m2/repository/javax/activation/activation/1.1/activation-1.1.jar:/Users/Sajeevalakmal/.m2/repository/org/apache/hadoop/hadoop-mapreduce-client-core/2.9.2/hadoop-mapreduce-client-core-2.9.2.jar:/Users/Sajeevalakmal/.m2/repository/org/apache/hadoop/hadoop-yarn-client/2.9.2/hadoop-yarn-client-2.9.2.jar:/Users/Sajeevalakmal/.m2/repository/org/apache/hadoop/hadoop-yarn-common/2.9.2/hadoop-yarn-common-2.9.2.jar:/Users/Sajeevalakmal/.m2/repository/javax/servlet/servlet-api/2.5/servlet-api-2.5.jar:/Users/Sajeevalakmal/.m2/repository/com/sun/jersey/jersey-core/1.9/jersey-core-1.9.jar:/Users/Sajeevalakmal/.m2/repository/com/sun/jersey/jersey-client/1.9/jersey-client-1.9.jar:/Users/Sajeevalakmal/.m2/repository/org/codehaus/jackson/jackson-jaxrs/1.9.13/jackson-jaxrs-1.9.13.jar:/Users/Sajeevalakmal/.m2/repository/org/codehaus/jackson/jackson-xc/1.9.13/jackson-xc-1.9.13.jar:/Users/Sajeevalakmal/.m2/repository/org/apache/hadoop/hadoop-mapreduce-client-jobclient/2.9.2/hadoop-mapreduce-client-jobclient-2.9.2.jar:/Users/Sajeevalakmal/.m2/repository/org/apache/hadoop/hadoop-annotations/2.9.2/hadoop-annotations-2.9.2.jar:/Users/Sajeevalakmal/.m2/repository/org/apache/hbase/hbase-client/1.1.13/hbase-client-1.1.13.jar:/Users/Sajeevalakmal/.m2/repository/org/apache/hbase/hbase-annotations/1.1.13/hbase-annotations-1.1.13.jar:/Users/Sajeevalakmal/.m2/repository/com/github/stephenc/findbugs/findbugs-annotations/1.3.9-1/findbugs-annotations-1.3.9-1.jar:/Users/Sajeevalakmal/.m2/repository/org/apache/hbase/hbase-common/1.1.13/hbase-common-1.1.13.jar:/Users/Sajeevalakmal/.m2/repository/org/mortbay/jetty/jetty-util/6.1.26/jetty-util-6.1.26.jar:/Users/Sajeevalakmal/.m2/repository/org/apache/hbase/hbase-protocol/1.1.13/hbase-protocol-1.1.13.jar:/Users/Sajeevalakmal/.m2/repository/commons-codec/commons-codec/1.9/commons-codec-1.9.jar:/Users/Sajeevalakmal/.m2/repository/commons-io/commons-io/2.4/commons-io-2.4.jar:/Users/Sajeevalakmal/.m2/repository/commons-lang/commons-lang/2.6/commons-lang-2.6.jar:/Users/Sajeevalakmal/.m2/repository/commons-logging/commons-logging/1.2/commons-logging-1.2.jar:/Users/Sajeevalakmal/.m2/repository/com/google/guava/guava/12.0.1/guava-12.0.1.jar:/Users/Sajeevalakmal/.m2/repository/com/google/protobuf/protobuf-java/2.5.0/protobuf-java-2.5.0.jar:/Users/Sajeevalakmal/.m2/repository/io/netty/netty-all/4.0.23.Final/netty-all-4.0.23.Final.jar:/Users/Sajeevalakmal/.m2/repository/org/apache/zookeeper/zookeeper/3.4.6/zookeeper-3.4.6.jar:/Users/Sajeevalakmal/.m2/repository/org/apache/htrace/htrace-core/3.1.0-incubating/htrace-core-3.1.0-incubating.jar:/Users/Sajeevalakmal/.m2/repository/org/codehaus/jackson/jackson-mapper-asl/1.9.13/jackson-mapper-asl-1.9.13.jar:/Users/Sajeevalakmal/.m2/repository/org/jruby/jcodings/jcodings/1.0.8/jcodings-1.0.8.jar:/Users/Sajeevalakmal/.m2/repository/org/jruby/joni/joni/2.1.2/joni-2.1.2.jar:/Users/Sajeevalakmal/.m2/repository/org/apache/hadoop/hadoop-auth/2.5.1/hadoop-auth-2.5.1.jar:/Users/Sajeevalakmal/.m2/repository/org/apache/directory/server/apacheds-kerberos-codec/2.0.0-M15/apacheds-kerberos-codec-2.0.0-M15.jar:/Users/Sajeevalakmal/.m2/repository/org/apache/directory/server/apacheds-i18n/2.0.0-M15/apacheds-i18n-2.0.0-M15.jar:/Users/Sajeevalakmal/.m2/repository/org/apache/directory/api/api-asn1-api/1.0.0-M20/api-asn1-api-1.0.0-M20.jar:/Users/Sajeevalakmal/.m2/repository/org/apache/directory/api/api-util/1.0.0-M20/api-util-1.0.0-M20.jar:"/>
    <property name="sun.cpu.endian" value="little"/>
    <property name="user.home" value="/Users/Sajeevalakmal"/>
    <property name="user.language" value="en"/>
    <property name="java.specification.vendor" value="Oracle Corporation"/>
    <property name="java.home" value="/Library/Java/JavaVirtualMachines/jdk1.8.0_171.jdk/Contents/Home/jre"/>
    <property name="basedir" value="/Users/Sajeevalakmal/Documents/MSc/BDP/bdpcoursework"/>
    <property name="file.separator" value="/"/>
    <property name="line.separator" value="&#10;"/>
    <property name="java.vm.specification.vendor" value="Oracle Corporation"/>
    <property name="java.specification.name" value="Java Platform API Specification"/>
    <property name="java.awt.graphicsenv" value="sun.awt.CGraphicsEnvironment"/>
    <property name="surefire.real.class.path" value="/Users/Sajeevalakmal/Documents/MSc/BDP/bdpcoursework/target/surefire/surefirebooter808143587212617889.jar"/>
    <property name="sun.boot.class.path" value="/Library/Java/JavaVirtualMachines/jdk1.8.0_171.jdk/Contents/Home/jre/lib/resources.jar:/Library/Java/JavaVirtualMachines/jdk1.8.0_171.jdk/Contents/Home/jre/lib/rt.jar:/Library/Java/JavaVirtualMachines/jdk1.8.0_171.jdk/Contents/Home/jre/lib/sunrsasign.jar:/Library/Java/JavaVirtualMachines/jdk1.8.0_171.jdk/Contents/Home/jre/lib/jsse.jar:/Library/Java/JavaVirtualMachines/jdk1.8.0_171.jdk/Contents/Home/jre/lib/jce.jar:/Library/Java/JavaVirtualMachines/jdk1.8.0_171.jdk/Contents/Home/jre/lib/charsets.jar:/Library/Java/JavaVirtualMachines/jdk1.8.0_171.jdk/Contents/Home/jre/lib/jfr.jar:/Library/Java/JavaVirtualMachines/jdk1.8.0_171.jdk/Contents/Home/jre/classes"/>
    <property name="sun.management.compiler" value="HotSpot 64-Bit Tiered Compilers"/>
    <property name="java.runtime.version" value="1.8.0_171-b11"/>
    <property name="user.name" value="Sajeevalakmal"/>
    <property name="path.separator" value=":"/>
    <property name="os.version" value="10.13.6"/>
    <property name="java.endorsed.dirs" value="/Library/Java/JavaVirtualMachines/jdk1.8.0_171.jdk/Contents/Home/jre/lib/endorsed"/>
    <property name="java.runtime.name" value="Java(TM) SE Runtime Environment"/>
    <property name="file.encoding" value="UTF-8"/>
    <property name="java.vm.name" value="Java HotSpot(TM) 64-Bit Server VM"/>
    <property name="localRepository" value="/Users/Sajeevalakmal/.m2/repository"/>
    <property name="java.vendor.url.bug" value="http://bugreport.sun.com/bugreport/"/>
    <property name="java.io.tmpdir" value="/var/folders/kt/8hrr03l56x55gywnzj7y3fnw0000gp/T/"/>
    <property name="java.version" value="1.8.0_171"/>
    <property name="user.dir" value="/Users/Sajeevalakmal/Documents/MSc/BDP/bdpcoursework"/>
    <property name="os.arch" value="x86_64"/>
    <property name="java.vm.specification.name" value="Java Virtual Machine Specification"/>
    <property name="java.awt.printerjob" value="sun.lwawt.macosx.CPrinterJob"/>
    <property name="sun.os.patch.level" value="unknown"/>
    <property name="java.library.path" value="/Users/Sajeevalakmal/Library/Java/Extensions:/Library/Java/Extensions:/Network/Library/Java/Extensions:/System/Library/Java/Extensions:/usr/lib/java:."/>
    <property name="java.vm.info" value="mixed mode"/>
    <property name="java.vendor" value="Oracle Corporation"/>
    <property name="java.vm.version" value="25.171-b11"/>
    <property name="java.ext.dirs" value="/Users/Sajeevalakmal/Library/Java/Extensions:/Library/Java/JavaVirtualMachines/jdk1.8.0_171.jdk/Contents/Home/jre/lib/ext:/Library/Java/Extensions:/Network/Library/Java/Extensions:/System/Library/Java/Extensions:/usr/lib/java"/>
    <property name="sun.io.unicode.encoding" value="UnicodeBig"/>
    <property name="java.class.version" value="52.0"/>
  </properties>
  <testcase name="shouldAnswerWithTrue" classname="com.sajeeva.AppTest" time="0.002"/>
</testsuite>